\BOOKMARK [1][-]{section.1}{\376\377\000I\000m\000p\000o\000r\000t\000a\000c\000i\000\363\000n\000\040\000d\000e\000\040\000l\000i\000b\000r\000e\000r\000\355\000a\000s}{}% 1
\BOOKMARK [1][-]{section.2}{\376\377\000E\000j\000e\000r\000c\000i\000c\000i\000o\000\040\0001}{}% 2
\BOOKMARK [2][-]{subsection.2.1}{\376\377\000a\000\051\000\040\000D\000i\000s\000t\000r\000i\000b\000u\000c\000i\000\363\000n\000\040\000d\000e\000\040\000r\000e\000f\000e\000r\000e\000n\000c\000i\000a\000\040\000q\000\050\000k\000\051}{section.2}% 3
\BOOKMARK [2][-]{subsection.2.2}{\376\377\000b\000\051\000\040\000C\000o\000t\000a\000\040\000c\000o\000n\000\040\000c\000o\000n\000s\000t\000a\000n\000t\000e\000\040\000c}{section.2}% 4
\BOOKMARK [2][-]{subsection.2.3}{\376\377\000c\000\051\000\040\000A\000l\000g\000o\000r\000i\000t\000m\000o\000\040\000d\000e\000\040\000a\000c\000e\000p\000t\000a\000c\000i\000\363\000n\040\023\000r\000e\000c\000h\000a\000z\000o}{section.2}% 5
\BOOKMARK [2][-]{subsection.2.4}{\376\377\000d\000\051\000\040\000P\000r\000o\000g\000r\000a\000m\000a\000\040\000d\000e\000\040\000s\000i\000m\000u\000l\000a\000c\000i\000\363\000n\000\040\000y\000\040\000e\000s\000t\000i\000m\000a\000c\000i\000\363\000n\000\040\000d\000e\000\040\000c}{section.2}% 6
\BOOKMARK [1][-]{section.3}{\376\377\000E\000j\000e\000r\000c\000i\000c\000i\000o\000\040\0002}{}% 7
\BOOKMARK [2][-]{subsection.3.1}{\376\377\000S\000i\000m\000u\000l\000a\000c\000i\000\363\000n\000\040\000\134\000t\000e\000x\000t\000\173\000B\000e\000t\000a\000\175\000\050\0001\000,\000\040\0002\000.\0003\000\051\000\040\000p\000o\000r\000\040\000a\000c\000e\000p\000t\000a\000c\000i\000\363\000n\040\023\000r\000e\000c\000h\000a\000z\000o}{section.3}% 8
\BOOKMARK [1][-]{section.4}{\376\377\000E\000j\000e\000r\000c\000i\000c\000i\000o\000\040\0003}{}% 9
\BOOKMARK [2][-]{subsection.4.1}{\376\377\000a\000\051\000\040\000M\000\351\000t\000o\000d\000o\000\040\000d\000e\000\040\000l\000a\000\040\000t\000r\000a\000n\000s\000f\000o\000r\000m\000a\000d\000a\000\040\000i\000n\000v\000e\000r\000s\000a}{section.4}% 10
\BOOKMARK [2][-]{subsection.4.2}{\376\377\000b\000\051\000\040\000M\000\351\000t\000o\000d\000o\000\040\000d\000e\000\040\000a\000c\000e\000p\000t\000a\000c\000i\000\363\000n\040\023\000r\000e\000c\000h\000a\000z\000o}{section.4}% 11
\BOOKMARK [2][-]{subsection.4.3}{\376\377\000c\000\051\000\040\000I\000m\000p\000l\000e\000m\000e\000n\000t\000a\000c\000i\000\363\000n\000\040\000c\000o\000m\000p\000u\000t\000a\000c\000i\000o\000n\000a\000l}{section.4}% 12
\BOOKMARK [2][-]{subsection.4.4}{\376\377\000d\000\051\000\040\000E\000f\000i\000c\000i\000e\000n\000c\000i\000a\000\040\000c\000o\000m\000p\000a\000r\000a\000d\000a}{section.4}% 13
\BOOKMARK [1][-]{section.5}{\376\377\000E\000j\000e\000r\000c\000i\000c\000i\000o\000\040\0004}{}% 14
\BOOKMARK [2][-]{subsection.5.1}{\376\377\000a\000\051\000\040\000D\000e\000n\000s\000i\000d\000a\000d\000\040\000d\000e\000\040\000|\000Z\000|\000\040\000p\000a\000r\000a\000\040\000Z\042\074\000N\000\050\0000\000,\0001\000\051}{section.5}% 15
\BOOKMARK [2][-]{subsection.5.2}{\376\377\000b\000\051\000\040\000S\000i\000m\000e\000t\000r\000i\000z\000a\000c\000i\000\363\000n\000\040\000c\000o\000n\000\040\000S\000\267\000|\000Z\000|}{section.5}% 16
\BOOKMARK [2][-]{subsection.5.3}{\376\377\000c\000\051\000\040\000E\000v\000e\000n\000t\000o\000\040\000d\000e\000\040\000a\000c\000e\000p\000t\000a\000c\000i\000\363\000n\000\040\000c\000o\000n\000\040\000X\042\074\000E\000x\000p\000\050\0001\000\051\000\040\000y\000\040\000U\042\074\000U\000n\000i\000f\000\050\0000\000,\0001\000\051}{section.5}% 17
\BOOKMARK [2][-]{subsection.5.4}{\376\377\000d\000\051\000\040\000P\000r\000o\000b\000a\000b\000i\000l\000i\000d\000a\000d\000\040\000c\000o\000n\000\040\000V\0001\000,\000V\0002\042\074\000E\000x\000p\000\050\0001\000\051}{section.5}% 18
\BOOKMARK [1][-]{section.6}{\376\377\000E\000j\000e\000r\000c\000i\000c\000i\000o\000\040\0005}{}% 19
\BOOKMARK [2][-]{subsection.6.1}{\376\377\000a\000\051\000\040\000\134\000t\000e\000x\000t\000\173\000G\000a\000m\000m\000a\000\175\000\050\0001\000.\0005\000,\000\040\0003\000\051}{section.6}% 20
\BOOKMARK [2][-]{subsection.6.2}{\376\377\000b\000\051\000\040\000\134\000t\000e\000x\000t\000\173\000G\000a\000m\000m\000a\000\175\000\050\0000\000.\0005\000,\000\040\0006\000\051}{section.6}% 21
