\BOOKMARK [1][-]{Doc-Start}{\376\377\0001\000.\000\040\000D\000i\000s\000t\000r\000i\000b\000u\000c\000i\000\363\000n\000\040\000U\000n\000i\000f\000o\000r\000m\000e\000\040\000\050\000a\000,\000b\000\051}{}% 1
\BOOKMARK [1][-]{Doc-Start}{\376\377\0002\000.\000\040\000D\000i\000s\000t\000r\000i\000b\000u\000c\000i\000\363\000n\000\040\000D\000i\000s\000c\000r\000e\000t\000a}{}% 2
\BOOKMARK [2][-]{section*.1}{\376\377\000a\000\051\000\040\000G\000r\000\341\000f\000i\000c\000a\000\040\000d\000e\000\040\000f\000\137\000X\000\050\000x\000\051}{Doc-Start}% 3
\BOOKMARK [2][-]{section*.1}{\376\377\000b\000\051\000\040\000G\000r\000\341\000f\000i\000c\000a\000\040\000d\000e\000\040\000F\000\137\000X\000\050\000x\000\051}{Doc-Start}% 4
\BOOKMARK [2][-]{section*.1}{\376\377\000c\000\051\000\040\000G\000r\000\341\000f\000i\000c\000a\000\040\000d\000e\000\040\000F\000\136\000\173\000-\0001\000\175\000\137\000X\000\050\000u\000\051}{Doc-Start}% 5
\BOOKMARK [2][-]{section*.1}{\376\377\000d\000\051\000\040\000P\000r\000o\000g\000r\000a\000m\000a}{Doc-Start}% 6
\BOOKMARK [2][-]{section*.1}{\376\377\000e\000\051\000\040\000H\000i\000s\000t\000o\000g\000r\000a\000m\000a}{Doc-Start}% 7
\BOOKMARK [1][-]{section*.1}{\376\377\0003\000.\000\040\000E\000x\000p\000o\000n\000e\000n\000c\000i\000a\000l\000\040\000\134\000m\000a\000t\000h\000r\000m\000\173\000E\000x\000p\000\175\000\050\000\134\000l\000a\000m\000b\000d\000a\000\051}{}% 8
\BOOKMARK [1][-]{section*.1}{\376\377\0004\000.\000\040\000W\000e\000i\000b\000u\000l\000l\000\040\000\050\000r\000,\000\134\000l\000a\000m\000b\000d\000a\000\051}{}% 9
\BOOKMARK [1][-]{section*.1}{\376\377\0005\000.\000\040\000C\000a\000u\000c\000h\000y\000\040\000\050\000a\000,\000b\000\051}{}% 10
\BOOKMARK [1][-]{section*.1}{\376\377\0006\000.\000\040\000P\000a\000r\000e\000t\000o\000\040\000I\000\040\000\050\000a\000,\000b\000\051}{}% 11
\BOOKMARK [1][-]{section*.1}{\376\377\0007\000.\000\040\000M\000\355\000n\000i\000m\000o\000\040\000X\000\137\000\173\000\050\0001\000\051\000\175\000=\000\134\000m\000i\000n\000\134\000\173\000X\000\137\0001\000,\000\134\000d\000o\000t\000s\000,\000X\000\137\000n\000\134\000\175}{}% 12
\BOOKMARK [1][-]{section*.1}{\376\377\0008\000.\000\040\000M\000i\000x\000t\000a\000\040\000X\000=\000\134\000m\000i\000n\000\134\000\173\000Y\000,\000M\000\134\000\175\000\040\000c\000o\000n\000\040\000Y\000\134\000s\000i\000m\000\134\000m\000a\000t\000h\000r\000m\000\173\000E\000x\000p\000\175\000\050\000\134\000l\000a\000m\000b\000d\000a\000\051}{}% 13
\BOOKMARK [2][-]{section*.2}{\376\377\000a\000\051\000\040\000G\000r\000\341\000f\000i\000c\000a\000\040\000d\000e\000\040\000F\000\137\000X\000\050\000x\000\051}{section*.1}% 14
\BOOKMARK [2][-]{section*.2}{\376\377\000b\000\051\000\040\000G\000r\000\341\000f\000i\000c\000a\000\040\000d\000e\000\040\000F\000\136\000\173\000-\0001\000\175\000\137\000X\000\050\000u\000\051}{section*.1}% 15
\BOOKMARK [2][-]{section*.2}{\376\377\000c\000\051\000\040\000F\000\137\000X\000\050\000F\000\136\000\173\000-\0001\000\175\000\137\000X\000\050\000u\000\051\000\051\000\040\000\134\000g\000e\000q\000\040\000u\000,\000\040\000p\000a\000r\000a\000\040\000u\000\040\000\134\000i\000n\000\040\000[\0000\000,\000\040\0001\000]\000.}{section*.1}% 16
\BOOKMARK [2][-]{section*.2}{\376\377\000d\000\051\000\040\000F\000\136\000\173\000-\0001\000\175\000\137\000X\000\050\000F\000\137\000X\000\050\000x\000\051\000\051\000\040\000\134\000l\000e\000q\000\040\000x\000,\000\040\000p\000a\000r\000a\000\040\000x\000\040\000t\000a\000l\000\040\000q\000u\000e\000\040\000F\000\137\000X\000\050\000x\000\051\000\040\000\134\000i\000n\000\040\000[\0000\000,\000\040\0001\000]\000.}{section*.1}% 17
\BOOKMARK [2][-]{section*.2}{\376\377\000e\000\051\000\040\000C\000\363\000m\000o\000\040\000g\000e\000n\000e\000r\000a\000r\000\040\000v\000a\000l\000o\000r\000e\000s\000\040\000c\000o\000n\000\040\000e\000l\000\040\000m\000\351\000t\000o\000d\000o\000\040\000d\000e\000\040\000l\000a\000\040\000f\000u\000n\000c\000i\000\363\000n\000\040\000i\000n\000v\000e\000r\000s\000a}{section*.1}% 18
\BOOKMARK [1][-]{Item.2}{\376\377\0009\000.\000\040\000M\000i\000x\000t\000a\000\040\000X\000=\000\134\000m\000a\000x\000\134\000\173\000Y\000,\000M\000\134\000\175\000\040\000c\000o\000n\000\040\000Y\000\134\000s\000i\000m\000\134\000m\000a\000t\000h\000r\000m\000\173\000E\000x\000p\000\175\000\050\000\134\000l\000a\000m\000b\000d\000a\000\051}{}% 19
\BOOKMARK [2][-]{section*.3}{\376\377\000a\000\051\000\040\000G\000r\000\341\000f\000i\000c\000a\000\040\000d\000e\000\040\000F\000\137\000X\000\050\000x\000\051}{Item.2}% 20
\BOOKMARK [2][-]{section*.3}{\376\377\000b\000\051\000\040\000G\000r\000\341\000f\000i\000c\000a\000\040\000d\000e\000\040\000F\000\136\000\173\000-\0001\000\175\000\137\000X\000\050\000u\000\051}{Item.2}% 21
\BOOKMARK [2][-]{section*.3}{\376\377\000c\000\051\000\040\000F\000\137\000X\000\050\000F\000\136\000\173\000-\0001\000\175\000\137\000X\000\050\000u\000\051\000\051\000\040\000\134\000g\000e\000q\000\040\000u\000,\000\040\000p\000a\000r\000a\000\040\000u\000\040\000\134\000i\000n\000\040\000[\0000\000,\000\040\0001\000]\000.}{Item.2}% 22
\BOOKMARK [2][-]{section*.3}{\376\377\000d\000\051\000\040\000F\000\136\000\173\000-\0001\000\175\000\137\000X\000\050\000F\000\137\000X\000\050\000x\000\051\000\051\000\040\000\134\000g\000e\000q\000\040\000x\000,\000\040\000p\000a\000r\000a\000\040\000x\000\040\000t\000a\000l\000\040\000q\000u\000e\000\040\000F\000\137\000X\000\050\000x\000\051\000\040\000\134\000i\000n\000\040\000[\0000\000,\000\040\0001\000]\000.}{Item.2}% 23
\BOOKMARK [2][-]{section*.3}{\376\377\000e\000\051\000\040\000C\000\363\000m\000o\000\040\000g\000e\000n\000e\000r\000a\000r\000\040\000v\000a\000l\000o\000r\000e\000s\000\040\000c\000o\000n\000\040\000e\000l\000\040\000m\000\351\000t\000o\000d\000o\000\040\000d\000e\000\040\000l\000a\000\040\000f\000u\000n\000c\000i\000\363\000n\000\040\000i\000n\000v\000e\000r\000s\000a}{Item.2}% 24
\BOOKMARK [1][-]{section*.3}{\376\377\0001\0000\000.\000\040\000V\000a\000r\000i\000a\000b\000l\000e\000\040\000c\000o\000n\000\040\000C\000D\000F\000\040\000p\000o\000r\000\040\000t\000r\000a\000m\000o\000s}{}% 25
\BOOKMARK [2][-]{section*.4}{\376\377\000a\000\051\000\040\000G\000r\000\341\000f\000i\000c\000a\000\040\000d\000e\000\040\000F\000\137\000\173\000X\000\175\000\050\000x\000\051}{section*.3}% 26
\BOOKMARK [2][-]{section*.4}{\376\377\000b\000\051\000\040\000G\000r\000\341\000f\000i\000c\000a\000\040\000d\000e\000\040\000F\000\137\000\173\000X\000\175\000\136\000\173\000-\0001\000\175\000\050\000u\000\051}{section*.3}% 27
\BOOKMARK [2][-]{section*.4}{\376\377\000c\000\051\000\040\000F\000\137\000\173\000X\000\175\000\050\000F\000\136\000\173\000-\0001\000\175\000\137\000X\000\050\000u\000\051\000\051\000\040\000\134\000g\000e\000q\000\040\000u\000,\000\040\000p\000a\000r\000a\000\040\000u\000\040\000\134\000i\000n\000\040\000[\0000\000,\0001\000]}{section*.3}% 28
\BOOKMARK [2][-]{section*.4}{\376\377\000d\000\051\000\040\000F\000\137\000\173\000X\000\175\000\136\000\173\000-\0001\000\175\000\050\000F\000\137\000X\000\050\000x\000\051\000\051\000\040\000\134\000l\000e\000q\000\040\000x\000,\000\040\000p\000a\000r\000a\000\040\000x\000\040\000t\000a\000l\000\040\000q\000u\000e\000\040\000F\000\137\000X\000\050\000x\000\051\000\040\000\134\000i\000n\000\040\000\050\0000\000,\000\040\0001\000\051\000.}{section*.3}% 29
\BOOKMARK [2][-]{section*.4}{\376\377\000e\000\051\000\040\000C\000\363\000m\000o\000\040\000g\000e\000n\000e\000r\000a\000r\000\040\000v\000a\000l\000o\000r\000e\000s\000\040\000c\000o\000n\000\040\000e\000l\000\040\000m\000\351\000t\000o\000d\000o\000\040\000d\000e\000\040\000l\000a\000\040\000f\000u\000n\000c\000i\000\363\000n\000\040\000i\000n\000v\000e\000r\000s\000a}{section*.3}% 30
\BOOKMARK [2][-]{Item.6}{\376\377\000f\000\051\000\040\000G\000r\000\341\000f\000i\000c\000a\000\040\000d\000e\000\040\000f\000\137\000\173\000X\000\175\000\050\000x\000\051\000.}{section*.3}% 31
\BOOKMARK [2][-]{Item.6}{\376\377\000g\000\051\000\040\000P\000r\000o\000g\000r\000a\000m\000a}{section*.3}% 32
\BOOKMARK [2][-]{Item.6}{\376\377\000h\000\051\000\040\000\134\000m\000a\000t\000h\000b\000b\000\173\000E\000\175\000[\000X\000]\000\040\000=\000\040\0000\000.}{section*.3}% 33
\BOOKMARK [2][-]{Item.6}{\376\377\000i\000\051\000\040\000\134\000b\000a\000r\000\173\000x\000\175\000\040\000\134\000a\000p\000p\000r\000o\000x\000\040\0000\000.}{section*.3}% 34
\BOOKMARK [1][-]{Item.6}{\376\377\0001\0001\000.\000\040\000B\000e\000r\000n\000o\000u\000l\000l\000i\000\040\000\050\000p\000\051\000\040\000d\000e\000s\000d\000e\000\040\000U\000\050\0000\000,\0001\000\051}{}% 35
\BOOKMARK [1][-]{Item.6}{\376\377\0001\0002\000.\000\040\000V\000a\000r\000i\000a\000b\000l\000e\000\040\000a\000l\000e\000a\000t\000o\000r\000i\000a\000\040\000d\000i\000s\000c\000r\000e\000t\000a}{}% 36
\BOOKMARK [2][-]{section*.5}{\376\377\000a\000\051\000\040\000G\000r\000\341\000f\000i\000c\000a\000\040\000d\000e\000\040\000f\000\137\000X\000\050\000x\000\051}{Item.6}% 37
\BOOKMARK [2][-]{section*.5}{\376\377\000b\000\051\000\040\000G\000r\000\341\000f\000i\000c\000a\000\040\000d\000e\000\040\000F\000\137\000X\000\050\000x\000\051}{Item.6}% 38
\BOOKMARK [2][-]{section*.5}{\376\377\000c\000\051\000\040\000G\000r\000\341\000f\000i\000c\000a\000\040\000d\000e\000\040\000F\000\136\000\173\000-\0001\000\175\000\137\000X\000\050\000u\000\051}{Item.6}% 39
\BOOKMARK [2][-]{section*.5}{\376\377\000d\000\051\000\040\000V\000a\000l\000o\000r\000\040\000e\000s\000p\000e\000r\000a\000d\000o\000\040\000\134\000m\000a\000t\000h\000b\000b\000\040\000E\000[\000X\000]}{Item.6}% 40
\BOOKMARK [2][-]{section*.5}{\376\377\000e\000\051\000\040\000V\000a\000r\000i\000a\000n\000z\000a\000\040\000\134\000m\000a\000t\000h\000b\000b\000\040\000V\000[\000X\000]}{Item.6}% 41
\BOOKMARK [2][-]{section*.5}{\376\377\000f\000\051\000\040\000P\000r\000o\000g\000r\000a\000m\000a}{Item.6}% 42
\BOOKMARK [2][-]{section*.5}{\376\377\000g\000\051\000\040\000H\000i\000s\000t\000o\000g\000r\000a\000m\000a}{Item.6}% 43
\BOOKMARK [2][-]{section*.5}{\376\377\000h\000\051\000\040\000\134\000m\000a\000t\000h\000b\000b\000\040\000E\000[\000X\000]\000\040\000\134\000a\000p\000p\000r\000o\000x\000\040\000\134\000b\000a\000r\000\173\000x\000\175}{Item.6}% 44
\BOOKMARK [2][-]{section*.5}{\376\377\000i\000\051\000\040\000\134\000m\000a\000t\000h\000b\000b\000\040\000V\000[\000X\000]\000\040\000\134\000a\000p\000p\000r\000o\000x\000\040\000s\000\136\0002}{Item.6}% 45
\BOOKMARK [1][-]{section*.5}{\376\377\0001\0003\000.\000\040\000B\000i\000n\000o\000m\000i\000a\000l\000,\000\040\000G\000e\000o\000m\000\351\000t\000r\000i\000c\000a\000\040\000y\000\040\000P\000o\000i\000s\000s\000o\000n}{}% 46
\BOOKMARK [2][-]{section*.6}{\376\377\000a\000\051\000\040\000B\000i\000n\000o\000m\000i\000a\000l}{section*.5}% 47
\BOOKMARK [2][-]{section*.6}{\376\377\000b\000\051\000\040\000G\000e\000o\000m\000\351\000t\000r\000i\000c\000a}{section*.5}% 48
\BOOKMARK [2][-]{section*.6}{\376\377\000c\000\051\000\040\000P\000o\000i\000s\000s\000o\000n}{section*.5}% 49
