\BOOKMARK [1][-]{Doc-Start}{\376\377\000F\000u\000n\000c\000i\000o\000n\000e\000s\000\040\000p\000a\000r\000a\000\040\000g\000r\000a\000f\000i\000c\000a\000r}{}% 1
\BOOKMARK [1][-]{Doc-Start}{\376\377\000E\000j\000e\000r\000c\000i\000c\000i\000o\000\040\0001}{}% 2
\BOOKMARK [1][-]{Doc-Start}{\376\377\000E\000j\000e\000r\000c\000i\000c\000i\000o\000\040\0003}{}% 3
\BOOKMARK [1][-]{Doc-Start}{\376\377\000E\000j\000e\000r\000c\000i\000c\000i\000o\000\040\0005}{}% 4
\BOOKMARK [1][-]{Doc-Start}{\376\377\000E\000j\000e\000r\000c\000i\000c\000i\000o\000\040\0007}{}% 5
\BOOKMARK [2][-]{section*.1}{\376\377\000E\000s\000t\000i\000m\000a\000c\000i\000\363\000n\000\040\000M\000o\000n\000t\000e\000\040\000C\000a\000r\000l\000o}{Doc-Start}% 6
\BOOKMARK [2][-]{section*.1}{\376\377\000C\000a\000l\000c\000u\000l\000o\000\040\000a\000n\000a\000l\000\355\000t\000i\000c\000o}{Doc-Start}% 7
\BOOKMARK [1][-]{section*.1}{\376\377\000E\000j\000e\000r\000c\000i\000c\000i\000o\000\040\0009}{}% 8
\BOOKMARK [1][-]{section*.1}{\376\377\000E\000j\000e\000r\000c\000i\000c\000i\000o\000\040\0001\0001}{}% 9
\BOOKMARK [2][-]{section*.2}{\376\377\000E\000s\000t\000i\000m\000a\000c\000i\000\363\000n\000\040\000M\000o\000n\000t\000e\000\040\000C\000a\000r\000l\000o}{section*.1}% 10
\BOOKMARK [2][-]{section*.2}{\376\377\000C\000\341\000l\000c\000u\000l\000o\000\040\000a\000n\000a\000l\000\355\000t\000i\000c\000o}{section*.1}% 11
\BOOKMARK [3][-]{section*.3}{\376\377\000\134\000m\000a\000t\000h\000b\000b\000\173\000E\000\175\000[\000U\000]}{section*.2}% 12
\BOOKMARK [3][-]{section*.3}{\376\377\000\134\000m\000a\000t\000h\000b\000b\000\173\000E\000\175\000[\000e\000\136\000\173\000U\000\175\000]}{section*.2}% 13
\BOOKMARK [3][-]{section*.3}{\376\377\000\134\000m\000a\000t\000h\000b\000b\000\173\000E\000\175\000[\000U\000e\000\136\000\173\000U\000\175\000]\000\040\000\050\000p\000o\000r\000\040\000p\000a\000r\000t\000e\000s\000\051}{section*.2}% 14
\BOOKMARK [3][-]{section*.3}{\376\377\000C\000o\000v\000a\000r\000i\000a\000n\000z\000a}{section*.2}% 15
\BOOKMARK [1][-]{section*.3}{\376\377\000E\000j\000e\000r\000c\000i\000c\000i\000o\000\040\0001\0003}{}% 16
\BOOKMARK [2][-]{section*.4}{\376\377\0001\0000\0000\000\040\000v\000a\000l\000o\000r\000e\000s}{section*.3}% 17
\BOOKMARK [2][-]{section*.4}{\376\377\0001\0000\0000\0000\000\040\000v\000a\000l\000o\000r\000e\000s}{section*.3}% 18
\BOOKMARK [2][-]{section*.4}{\376\377\0001\0000\0000\0000\0000\000\040\000v\000a\000l\000o\000r\000e\000s}{section*.3}% 19
\BOOKMARK [2][-]{section*.4}{\376\377\000D\000i\000s\000c\000u\000c\000i\000\363\000n\000\040\000d\000e\000\040\000n}{section*.3}% 20
\BOOKMARK [1][-]{section*.4}{\376\377\000E\000j\000e\000r\000c\000i\000c\000i\000o\000\040\0002}{}% 21
\BOOKMARK [1][-]{section*.4}{\376\377\000E\000j\000e\000r\000c\000i\000c\000i\000o\000\040\0004}{}% 22
\BOOKMARK [1][-]{section*.4}{\376\377\000E\000j\000e\000r\000c\000i\000c\000i\000o\000\040\0006}{}% 23
\BOOKMARK [2][-]{section*.5}{\376\377\000E\000s\000t\000i\000m\000a\000c\000i\000\363\000n\000\040\000M\000o\000n\000t\000e\000\040\000C\000a\000r\000l\000o}{section*.4}% 24
\BOOKMARK [1][-]{section*.5}{\376\377\000E\000j\000e\000r\000c\000i\000c\000i\000o\000\040\0008}{}% 25
\BOOKMARK [2][-]{section*.6}{\376\377\000E\000s\000t\000i\000m\000a\000c\000i\000\363\000n\000\040\000M\000o\000n\000t\000e\000\040\000C\000a\000r\000l\000o}{section*.5}% 26
\BOOKMARK [1][-]{section*.6}{\376\377\000E\000j\000e\000r\000c\000i\000c\000i\000o\000\040\0001\0000}{}% 27
\BOOKMARK [2][-]{section*.7}{\376\377\000S\000o\000l\000u\000c\000i\000\363\000n\000\040\000a\000n\000a\000l\000\355\000t\000i\000c\000a}{section*.6}% 28
\BOOKMARK [2][-]{section*.7}{\376\377\000E\000s\000t\000i\000m\000a\000c\000i\000\363\000n\000\040\000M\000o\000n\000t\000e\000\040\000C\000a\000r\000l\000o}{section*.6}% 29
\BOOKMARK [1][-]{section*.7}{\376\377\000E\000j\000e\000r\000c\000i\000c\000i\000o\000\040\0001\0002}{}% 30
\BOOKMARK [2][-]{Item.2}{\376\377\000C\000o\000v\000a\000r\000i\000a\000n\000z\000a}{section*.7}% 31
\BOOKMARK [3][-]{section*.8}{\376\377\000C\000o\000r\000r\000e\000l\000a\000c\000i\000\363\000n}{Item.2}% 32
\BOOKMARK [3][-]{section*.8}{\376\377\000V\000a\000r\000i\000a\000n\000z\000a}{Item.2}% 33
\BOOKMARK [2][-]{section*.8}{\376\377\000E\000s\000t\000i\000m\000a\000c\000i\000\363\000n\000\040\000M\000o\000n\000t\000e\000\040\000C\000a\000r\000l\000o}{section*.7}% 34
\BOOKMARK [2][-]{section*.8}{\376\377\000A}{section*.7}% 35
\BOOKMARK [2][-]{section*.8}{\376\377\000B}{section*.7}% 36
\BOOKMARK [1][-]{section*.8}{\376\377\000E\000j\000e\000r\000c\000i\000c\000i\000o\000\040\0001\0004}{}% 37
\BOOKMARK [2][-]{section*.9}{\376\377\000A}{section*.8}% 38
\BOOKMARK [2][-]{section*.9}{\376\377\000B}{section*.8}% 39
